[03/Oct/2025 20:34:09] "GET / HTTP/1.1" 302 0
[03/Oct/2025 20:34:11] "HEAD /static/img/404.png HTTP/1.1" 200 0
[03/Oct/2025 20:34:14] "HEAD /static/img/500.png HTTP/1.1" 200 0
[03/Oct/2025 20:34:16] "HEAD /static/img/403.png HTTP/1.1" 200 0
[03/Oct/2025 20:34:18] "GET /google-oauth/chat/ HTTP/1.1" 200 646802
[03/Oct/2025 20:34:18] "GET /static/css/hrhelper.css HTTP/1.1" 200 63725
[03/Oct/2025 20:34:18] "GET /static/img/logo-dark.png HTTP/1.1" 200 52582
404 –æ—à–∏–±–∫–∞: /common/404/ - curl/8.7.1
WARNING Not Found: /common/404/
[03/Oct/2025 20:34:19] "GET /common/404/ HTTP/1.1" 404 42191
404 –æ—à–∏–±–∫–∞: /404 - Mozilla/5.0 (Macintosh; Intel Mac OS X 10_15_7) AppleWebKit/537.36 (KHTML, like Gecko) Chrome/140.0.0.0 Safari/537.36
WARNING Not Found: /404
[03/Oct/2025 20:34:23] "GET /404 HTTP/1.1" 404 42576
[03/Oct/2025 20:34:23] "GET /static/img/404.png HTTP/1.1" 200 1138379
Performing system checks...

System check identified no issues (0 silenced).
October 03, 2025 - 20:34:05
Django version 4.2.16, using settings 'config.settings'
Starting development server at http://127.0.0.1:8000/
Quit the server with CONTROL-C.

üîç DEBUG CHAT: –§—É–Ω–∫—Ü–∏—è chat_workflow –≤—ã–ø–æ–ª–Ω—è–µ—Ç—Å—è –¥–ª—è –ø–æ–ª—å–∑–æ–≤–∞—Ç–µ–ª—è: andrei.golubenko
üîç DEBUG CHAT: –ü–æ–ª—É—á–µ–Ω–∏–µ —Å–æ–±—ã—Ç–∏–π –¥–ª—è –ø–æ–ª—å–∑–æ–≤–∞—Ç–µ–ª—è: andrei.golubenko
üì¶ –ü–æ–ª—É—á–µ–Ω—ã —Å–æ–±—ã—Ç–∏—è –∫–∞–ª–µ–Ω–¥–∞—Ä—è –∏–∑ –∫—ç—à–∞: 38 —Å–æ–±—ã—Ç–∏–π
üîç DEBUG CHAT: –ü–æ–ª—É—á–µ–Ω–æ 38 —Å–æ–±—ã—Ç–∏–π –∏–∑ API
üîç DEBUG CHAT: –ü–µ—Ä–µ–¥–∞–µ–º 38 —Å–æ–±—ã—Ç–∏–π –≤ —à–∞–±–ª–æ–Ω
üîç DEBUG CHAT: –°–æ–±—ã—Ç–∏–µ: A2+ –≤ 2025-10-06T09:00:00+03:00
üîç DEBUG CHAT: –°–æ–±—ã—Ç–∏–µ: Recruitment Meeting –≤ 2025-10-06T10:30:00+03:00
üîç DEBUG CHAT: –°–æ–±—ã—Ç–∏–µ: JS Tech Screening | –°–µ–º–∞–∫–∏–Ω –ò–≥–æ—Ä—å –≤ 2025-10-06T12:00:00+03:00
üîç API –∑–∞–ø—Ä–æ—Å: GET https://api.huntflow.ru/v2/accounts
üì• –û—Ç–≤–µ—Ç API: 200
üì• –¢–µ–ª–æ –æ—Ç–≤–µ—Ç–∞: {"items":[{"id":291341,"name":"Softnetix","nick":"softnetix","member_type":"owner","production_calendar":1}]}...
DEBUG context_processor: accounts_list = [{'id': 291341, 'name': 'Softnetix', 'nick': 'softnetix', 'member_type': 'owner', 'production_calendar': 1}]
üîç API –∑–∞–ø—Ä–æ—Å: GET https://api.huntflow.ru/v2/accounts
üì• –û—Ç–≤–µ—Ç API: 200
üì• –¢–µ–ª–æ –æ—Ç–≤–µ—Ç–∞: {"items":[{"id":291341,"name":"Softnetix","nick":"softnetix","member_type":"owner","production_calendar":1}]}...
DEBUG context_processor: accounts_list = [{'id': 291341, 'name': 'Softnetix', 'nick': 'softnetix', 'member_type': 'owner', 'production_calendar': 1}]
404 –æ—à–∏–±–∫–∞: /405 - Mozilla/5.0 (Macintosh; Intel Mac OS X 10_15_7) AppleWebKit/537.36 (KHTML, like Gecko) Chrome/140.0.0.0 Safari/537.36
WARNING Not Found: /405
[03/Oct/2025 20:34:56] "GET /405 HTTP/1.1" 404 42576
404 –æ—à–∏–±–∫–∞: /403 - Mozilla/5.0 (Macintosh; Intel Mac OS X 10_15_7) AppleWebKit/537.36 (KHTML, like Gecko) Chrome/140.0.0.0 Safari/537.36
WARNING Not Found: /403
[03/Oct/2025 20:35:00] "GET /403 HTTP/1.1" 404 42576
[03/Oct/2025 20:35:13] "GET /admin/ HTTP/1.1" 200 31274
404 –æ—à–∏–±–∫–∞: /favicon.ico - Mozilla/5.0 (Macintosh; Intel Mac OS X 10_15_7) AppleWebKit/537.36 (KHTML, like Gecko) Chrome/140.0.0.0 Safari/537.36
WARNING Not Found: /favicon.ico
[03/Oct/2025 20:35:13] "GET /favicon.ico HTTP/1.1" 404 42576
[03/Oct/2025 20:35:19] "GET /admin/accounts/user/ HTTP/1.1" 200 30543
[03/Oct/2025 20:35:19] "GET /admin/jsi18n/ HTTP/1.1" 200 16066
[03/Oct/2025 20:35:19] "GET /static/admin/js/vendor/jquery/jquery.min.js HTTP/1.1" 200 89795
[03/Oct/2025 20:35:19] "GET /static/admin/js/vendor/xregexp/xregexp.min.js HTTP/1.1" 200 125266
[03/Oct/2025 20:35:21] "GET /admin/accounts/user/3/change/ HTTP/1.1" 200 80904
[03/Oct/2025 20:35:21] "GET /admin/jsi18n/ HTTP/1.1" 200 16066
[03/Oct/2025 20:36:05] "POST /admin/accounts/user/3/change/ HTTP/1.1" 302 0
[03/Oct/2025 20:36:05] "GET /admin/accounts/user/ HTTP/1.1" 200 30779
[03/Oct/2025 20:36:05] "GET /admin/jsi18n/ HTTP/1.1" 200 16066
[03/Oct/2025 20:36:10] "GET /interviewers/list/ HTTP/1.1" 200 84200
[03/Oct/2025 20:36:15] "GET /admin/accounts/user/3/change/ HTTP/1.1" 200 80832
[03/Oct/2025 20:36:15] "GET /admin/jsi18n/ HTTP/1.1" 200 16066
[03/Oct/2025 20:36:21] "POST /admin/accounts/user/3/change/ HTTP/1.1" 302 0
[03/Oct/2025 20:36:22] "GET /admin/accounts/user/ HTTP/1.1" 200 30779
[03/Oct/2025 20:36:22] "GET /admin/jsi18n/ HTTP/1.1" 200 16066
[03/Oct/2025 20:36:25] "GET /interviewers/list/ HTTP/1.1" 200 84200
[03/Oct/2025 20:36:30] "GET /interviewers/rules/ HTTP/1.1" 200 62745
[03/Oct/2025 20:36:31] "GET /interviewers/list/ HTTP/1.1" 200 84200
[03/Oct/2025 20:36:36] "GET /admin/accounts/user/3/change/ HTTP/1.1" 200 80824
[03/Oct/2025 20:36:36] "GET /admin/jsi18n/ HTTP/1.1" 200 16066
[03/Oct/2025 20:39:46] "GET /interviewers/list/ HTTP/1.1" 200 84200
[03/Oct/2025 20:39:46] "GET /static/css/hrhelper.css HTTP/1.1" 200 63725
[03/Oct/2025 20:39:46] "GET /static/img/logo-dark.png HTTP/1.1" 200 52582
[03/Oct/2025 20:39:47] "GET /static/img/logo-light.png HTTP/1.1" 200 47574
[03/Oct/2025 20:39:52] "GET /interviewers/1/ HTTP/1.1" 200 52052
Performing system checks...

System check identified no issues (0 silenced).
October 03, 2025 - 20:34:41
Django version 4.2.16, using settings 'config.settings'
Starting development server at http://127.0.0.1:8000/
Quit the server with CONTROL-C.

üîç API –∑–∞–ø—Ä–æ—Å: GET https://api.huntflow.ru/v2/accounts
üì• –û—Ç–≤–µ—Ç API: 200
üì• –¢–µ–ª–æ –æ—Ç–≤–µ—Ç–∞: {"items":[{"id":291341,"name":"Softnetix","nick":"softnetix","member_type":"owner","production_calendar":1}]}...
DEBUG context_processor: accounts_list = [{'id': 291341, 'name': 'Softnetix', 'nick': 'softnetix', 'member_type': 'owner', 'production_calendar': 1}]
üîç API –∑–∞–ø—Ä–æ—Å: GET https://api.huntflow.ru/v2/accounts
üì• –û—Ç–≤–µ—Ç API: 200
üì• –¢–µ–ª–æ –æ—Ç–≤–µ—Ç–∞: {"items":[{"id":291341,"name":"Softnetix","nick":"softnetix","member_type":"owner","production_calendar":1}]}...
DEBUG context_processor: accounts_list = [{'id': 291341, 'name': 'Softnetix', 'nick': 'softnetix', 'member_type': 'owner', 'production_calendar': 1}]
üîç API –∑–∞–ø—Ä–æ—Å: GET https://api.huntflow.ru/v2/accounts
üì• –û—Ç–≤–µ—Ç API: 200
üì• –¢–µ–ª–æ –æ—Ç–≤–µ—Ç–∞: {"items":[{"id":291341,"name":"Softnetix","nick":"softnetix","member_type":"owner","production_calendar":1}]}...
DEBUG context_processor: accounts_list = [{'id': 291341, 'name': 'Softnetix', 'nick': 'softnetix', 'member_type': 'owner', 'production_calendar': 1}]
üîç API –∑–∞–ø—Ä–æ—Å: GET https://api.huntflow.ru/v2/accounts
üì• –û—Ç–≤–µ—Ç API: 200
üì• –¢–µ–ª–æ –æ—Ç–≤–µ—Ç–∞: {"items":[{"id":291341,"name":"Softnetix","nick":"softnetix","member_type":"owner","production_calendar":1}]}...
DEBUG context_processor: accounts_list = [{'id': 291341, 'name': 'Softnetix', 'nick': 'softnetix', 'member_type': 'owner', 'production_calendar': 1}]
üîç API –∑–∞–ø—Ä–æ—Å: GET https://api.huntflow.ru/v2/accounts
üì• –û—Ç–≤–µ—Ç API: 200
üì• –¢–µ–ª–æ –æ—Ç–≤–µ—Ç–∞: {"items":[{"id":291341,"name":"Softnetix","nick":"softnetix","member_type":"owner","production_calendar":1}]}...
DEBUG context_processor: accounts_list = [{'id': 291341, 'name': 'Softnetix', 'nick': 'softnetix', 'member_type': 'owner', 'production_calendar': 1}]
üîç API –∑–∞–ø—Ä–æ—Å: GET https://api.huntflow.ru/v2/accounts
üì• –û—Ç–≤–µ—Ç API: 200
üì• –¢–µ–ª–æ –æ—Ç–≤–µ—Ç–∞: {"items":[{"id":291341,"name":"Softnetix","nick":"softnetix","member_type":"owner","production_calendar":1}]}...
DEBUG context_processor: accounts_list = [{'id': 291341, 'name': 'Softnetix', 'nick': 'softnetix', 'member_type': 'owner', 'production_calendar': 1}]
üìù SIGNAL: –û–±–Ω–æ–≤–ª–µ–Ω –ø–æ–ª—å–∑–æ–≤–∞—Ç–µ–ª—å: andrei.golubenko
üîç API –∑–∞–ø—Ä–æ—Å: GET https://api.huntflow.ru/v2/accounts
üì• –û—Ç–≤–µ—Ç API: 200
üì• –¢–µ–ª–æ –æ—Ç–≤–µ—Ç–∞: {"items":[{"id":291341,"name":"Softnetix","nick":"softnetix","member_type":"owner","production_calendar":1}]}...
DEBUG context_processor: accounts_list = [{'id': 291341, 'name': 'Softnetix', 'nick': 'softnetix', 'member_type': 'owner', 'production_calendar': 1}]
üîç API –∑–∞–ø—Ä–æ—Å: GET https://api.huntflow.ru/v2/accounts
üì• –û—Ç–≤–µ—Ç API: 200
üì• –¢–µ–ª–æ –æ—Ç–≤–µ—Ç–∞: {"items":[{"id":291341,"name":"Softnetix","nick":"softnetix","member_type":"owner","production_calendar":1}]}...
DEBUG context_processor: accounts_list = [{'id': 291341, 'name': 'Softnetix', 'nick': 'softnetix', 'member_type': 'owner', 'production_calendar': 1}]
üîç API –∑–∞–ø—Ä–æ—Å: GET https://api.huntflow.ru/v2/accounts
üì• –û—Ç–≤–µ—Ç API: 200
üì• –¢–µ–ª–æ –æ—Ç–≤–µ—Ç–∞: {"items":[{"id":291341,"name":"Softnetix","nick":"softnetix","member_type":"owner","production_calendar":1}]}...
DEBUG context_processor: accounts_list = [{'id': 291341, 'name': 'Softnetix', 'nick': 'softnetix', 'member_type': 'owner', 'production_calendar': 1}]
üìù SIGNAL: –û–±–Ω–æ–≤–ª–µ–Ω –ø–æ–ª—å–∑–æ–≤–∞—Ç–µ–ª—å: andrei.golubenko
üîç API –∑–∞–ø—Ä–æ—Å: GET https://api.huntflow.ru/v2/accounts
üì• –û—Ç–≤–µ—Ç API: 200
üì• –¢–µ–ª–æ –æ—Ç–≤–µ—Ç–∞: {"items":[{"id":291341,"name":"Softnetix","nick":"softnetix","member_type":"owner","production_calendar":1}]}...
DEBUG context_processor: accounts_list = [{'id': 291341, 'name': 'Softnetix', 'nick': 'softnetix', 'member_type': 'owner', 'production_calendar': 1}]
üîç API –∑–∞–ø—Ä–æ—Å: GET https://api.huntflow.ru/v2/accounts
üì• –û—Ç–≤–µ—Ç API: 200
üì• –¢–µ–ª–æ –æ—Ç–≤–µ—Ç–∞: {"items":[{"id":291341,"name":"Softnetix","nick":"softnetix","member_type":"owner","production_calendar":1}]}...
DEBUG context_processor: accounts_list = [{'id': 291341, 'name': 'Softnetix', 'nick': 'softnetix', 'member_type': 'owner', 'production_calendar': 1}]
üîç API –∑–∞–ø—Ä–æ—Å: GET https://api.huntflow.ru/v2/accounts
üì• –û—Ç–≤–µ—Ç API: 200
üì• –¢–µ–ª–æ –æ—Ç–≤–µ—Ç–∞: {"items":[{"id":291341,"name":"Softnetix","nick":"softnetix","member_type":"owner","production_calendar":1}]}...
DEBUG context_processor: accounts_list = [{'id': 291341, 'name': 'Softnetix', 'nick': 'softnetix', 'member_type': 'owner', 'production_calendar': 1}]
üîç API –∑–∞–ø—Ä–æ—Å: GET https://api.huntflow.ru/v2/accounts
üì• –û—Ç–≤–µ—Ç API: 200
üì• –¢–µ–ª–æ –æ—Ç–≤–µ—Ç–∞: {"items":[{"id":291341,"name":"Softnetix","nick":"softnetix","member_type":"owner","production_calendar":1}]}...
DEBUG context_processor: accounts_list = [{'id': 291341, 'name': 'Softnetix', 'nick': 'softnetix', 'member_type': 'owner', 'production_calendar': 1}]
üîç API –∑–∞–ø—Ä–æ—Å: GET https://api.huntflow.ru/v2/accounts
üì• –û—Ç–≤–µ—Ç API: 200
üì• –¢–µ–ª–æ –æ—Ç–≤–µ—Ç–∞: {"items":[{"id":291341,"name":"Softnetix","nick":"softnetix","member_type":"owner","production_calendar":1}]}...
DEBUG context_processor: accounts_list = [{'id': 291341, 'name': 'Softnetix', 'nick': 'softnetix', 'member_type': 'owner', 'production_calendar': 1}]
üîç API –∑–∞–ø—Ä–æ—Å: GET https://api.huntflow.ru/v2/accounts
üì• –û—Ç–≤–µ—Ç API: 200
üì• –¢–µ–ª–æ –æ—Ç–≤–µ—Ç–∞: {"items":[{"id":291341,"name":"Softnetix","nick":"softnetix","member_type":"owner","production_calendar":1}]}...
DEBUG context_processor: accounts_list = [{'id': 291341, 'name': 'Softnetix', 'nick': 'softnetix', 'member_type': 'owner', 'production_calendar': 1}]
üîç API –∑–∞–ø—Ä–æ—Å: GET https://api.huntflow.ru/v2/accounts
üì• –û—Ç–≤–µ—Ç API: 200
üì• –¢–µ–ª–æ –æ—Ç–≤–µ—Ç–∞: {"items":[{"id":291341,"name":"Softnetix","nick":"softnetix","member_type":"owner","production_calendar":1}]}...
DEBUG context_processor: accounts_list = [{'id': 291341, 'name': 'Softnetix', 'nick': 'softnetix', 'member_type': 'owner', 'production_calendar': 1}]
Performing system checks...

System check identified no issues (0 silenced).
October 03, 2025 - 20:42:34
Django version 4.2.16, using settings 'config.settings'
Starting development server at http://127.0.0.1:8000/
Quit the server with CONTROL-C.

WARNING Unauthorized: /accounts/test-permissions/
[03/Oct/2025 20:42:54] "GET /accounts/test-permissions/ HTTP/1.1" 401 165
Performing system checks...

System check identified no issues (0 silenced).
October 03, 2025 - 20:42:49
Django version 4.2.16, using settings 'config.settings'
Starting development server at http://127.0.0.1:8000/
Quit the server with CONTROL-C.

[03/Oct/2025 20:45:23] "GET /interviewers/list/ HTTP/1.1" 200 84200
[03/Oct/2025 20:45:27] "GET /huntflow/ HTTP/1.1" 200 45197
[03/Oct/2025 20:45:33] "GET /huntflow/accounts/291341/applicants/ HTTP/1.1" 200 128342
[03/Oct/2025 20:45:45] "GET /google-oauth/chat/ HTTP/1.1" 200 646802
[03/Oct/2025 20:45:53] "GET /interviewers/list/ HTTP/1.1" 200 84200
Performing system checks...

System check identified no issues (0 silenced).
October 03, 2025 - 20:45:02
Django version 4.2.16, using settings 'config.settings'
Starting development server at http://127.0.0.1:8000/
Quit the server with CONTROL-C.

üîç API –∑–∞–ø—Ä–æ—Å: GET https://api.huntflow.ru/v2/accounts
üì• –û—Ç–≤–µ—Ç API: 200
üì• –¢–µ–ª–æ –æ—Ç–≤–µ—Ç–∞: {"items":[{"id":291341,"name":"Softnetix","nick":"softnetix","member_type":"owner","production_calendar":1}]}...
DEBUG context_processor: accounts_list = [{'id': 291341, 'name': 'Softnetix', 'nick': 'softnetix', 'member_type': 'owner', 'production_calendar': 1}]
üîç API –∑–∞–ø—Ä–æ—Å: GET https://api.huntflow.ru/v2/me
üì• –û—Ç–≤–µ—Ç API: 200
üì• –¢–µ–ª–æ –æ—Ç–≤–µ—Ç–∞: {"id":318267,"name":"API: ClickUp","position":null,"email":"api-291341-1@huntflow.ru","phone":null,"locale":"ru_RU"}...
‚úÖ –ü–æ–¥–∫–ª—é—á–µ–Ω–∏–µ –∫ Huntflow —É—Å–ø–µ—à–Ω–æ!
üë§ –ü–æ–ª—å–∑–æ–≤–∞—Ç–µ–ª—å: API: ClickUp
üìß Email: api-291341-1@huntflow.ru
üîç API –∑–∞–ø—Ä–æ—Å: GET https://api.huntflow.ru/v2/accounts
üì• –û—Ç–≤–µ—Ç API: 200
üì• –¢–µ–ª–æ –æ—Ç–≤–µ—Ç–∞: {"items":[{"id":291341,"name":"Softnetix","nick":"softnetix","member_type":"owner","production_calendar":1}]}...
üîç API –∑–∞–ø—Ä–æ—Å: GET https://api.huntflow.ru/v2/accounts
üì• –û—Ç–≤–µ—Ç API: 200
üì• –¢–µ–ª–æ –æ—Ç–≤–µ—Ç–∞: {"items":[{"id":291341,"name":"Softnetix","nick":"softnetix","member_type":"owner","production_calendar":1}]}...
DEBUG context_processor: accounts_list = [{'id': 291341, 'name': 'Softnetix', 'nick': 'softnetix', 'member_type': 'owner', 'production_calendar': 1}]
üîç API –∑–∞–ø—Ä–æ—Å: GET https://api.huntflow.ru/v2/accounts
üì• –û—Ç–≤–µ—Ç API: 200
üì• –¢–µ–ª–æ –æ—Ç–≤–µ—Ç–∞: {"items":[{"id":291341,"name":"Softnetix","nick":"softnetix","member_type":"owner","production_calendar":1}]}...
üîç –ü–æ–ª—É—á–µ–Ω account_id –∏–∑ API: 291341
üîç API –∑–∞–ø—Ä–æ—Å: GET https://api.huntflow.ru/v2/accounts/291341/applicants?page=1&count=30
üì• –û—Ç–≤–µ—Ç API: 200
üì• –¢–µ–ª–æ –æ—Ç–≤–µ—Ç–∞: {"page":1,"count":30,"total_pages":119,"total_items":3567,"items":[{"first_name":"–ü–æ–ª–∏–Ω–∞","last_name":"–ì–∞–π–¥–∏–Ω–∞","middle_name":null,"money":"$1500","phone":"+375 (44) 7439361","email":"gaydinapolia@gmail.com","skype":null,"position":"Frontend-—Ä–∞–∑—Ä–∞–±–æ—Ç—á–∏–∫","company":null,"photo":null,"id":74657048,"account":291341,"photo_url":null,"birthday":"2002-12-10","created":"2025-10-03T19:06:32+03:00","tags":[{"tag":239351,"id":24279718},{"tag":217458,"id":24279719}],"links":[{"id":70050577,"status":186509,...
üîç API –∑–∞–ø—Ä–æ—Å: GET https://api.huntflow.ru/v2/accounts/291341/vacancies/statuses
üì• –û—Ç–≤–µ—Ç API: 200
üì• –¢–µ–ª–æ –æ—Ç–≤–µ—Ç–∞: {"items":[{"id":186500,"type":"user","name":"New","removed":null,"order":1,"stay_duration":null},{"id":187026,"type":"user","name":"Message","removed":null,"order":2,"stay_duration":null},{"id":186501,"type":"user","name":"Contact","removed":null,"order":3,"stay_duration":null},{"id":187027,"type":"user","name":"Portfolio Review","removed":null,"order":4,"stay_duration":null},{"id":186502,"type":"user","name":"HR Screening","removed":null,"order":5,"stay_duration":null},{"id":189774,"type":"user...
üîç API –∑–∞–ø—Ä–æ—Å: GET https://api.huntflow.ru/v2/accounts/291341/vacancies?count=100
üì• –û—Ç–≤–µ—Ç API: 200
üì• –¢–µ–ª–æ –æ—Ç–≤–µ—Ç–∞: {"page":1,"count":100,"total_pages":1,"total_items":11,"items":[{"account_division":333497,"account_region":null,"position":"Project Manager","company":null,"money":"800-2000","priority":1,"hidden":false,"state":"OPEN","id":3936534,"created":"2025-03-19T08:33:50+03:00","additional_fields_list":[],"multiple":false,"parent":null,"account_vacancy_status_group":10353},{"account_division":333385,"account_region":null,"position":"Tech Recruiter","company":null,"money":null,"priority":1,"hidden":true,"...
üîç API –∑–∞–ø—Ä–æ—Å: GET https://api.huntflow.ru/v2/accounts
üì• –û—Ç–≤–µ—Ç API: 200
üì• –¢–µ–ª–æ –æ—Ç–≤–µ—Ç–∞: {"items":[{"id":291341,"name":"Softnetix","nick":"softnetix","member_type":"owner","production_calendar":1}]}...
üîç API –∑–∞–ø—Ä–æ—Å: GET https://api.huntflow.ru/v2/accounts
üì• –û—Ç–≤–µ—Ç API: 200
üì• –¢–µ–ª–æ –æ—Ç–≤–µ—Ç–∞: {"items":[{"id":291341,"name":"Softnetix","nick":"softnetix","member_type":"owner","production_calendar":1}]}...
DEBUG context_processor: accounts_list = [{'id': 291341, 'name': 'Softnetix', 'nick': 'softnetix', 'member_type': 'owner', 'production_calendar': 1}]
üîç DEBUG CHAT: –§—É–Ω–∫—Ü–∏—è chat_workflow –≤—ã–ø–æ–ª–Ω—è–µ—Ç—Å—è –¥–ª—è –ø–æ–ª—å–∑–æ–≤–∞—Ç–µ–ª—è: andrei.golubenko
üîç DEBUG CHAT: –ü–æ–ª—É—á–µ–Ω–∏–µ —Å–æ–±—ã—Ç–∏–π –¥–ª—è –ø–æ–ª—å–∑–æ–≤–∞—Ç–µ–ª—è: andrei.golubenko
üíæ –°–æ—Ö—Ä–∞–Ω–µ–Ω—ã —Å–æ–±—ã—Ç–∏—è –∫–∞–ª–µ–Ω–¥–∞—Ä—è –≤ –∫—ç—à: 38 —Å–æ–±—ã—Ç–∏–π
üîç DEBUG CHAT: –ü–æ–ª—É—á–µ–Ω–æ 38 —Å–æ–±—ã—Ç–∏–π –∏–∑ API
üîç DEBUG CHAT: –ü–µ—Ä–µ–¥–∞–µ–º 38 —Å–æ–±—ã—Ç–∏–π –≤ —à–∞–±–ª–æ–Ω
üîç DEBUG CHAT: –°–æ–±—ã—Ç–∏–µ: A2+ –≤ 2025-10-06T09:00:00+03:00
üîç DEBUG CHAT: –°–æ–±—ã—Ç–∏–µ: Recruitment Meeting –≤ 2025-10-06T10:30:00+03:00
üîç DEBUG CHAT: –°–æ–±—ã—Ç–∏–µ: JS Tech Screening | –°–µ–º–∞–∫–∏–Ω –ò–≥–æ—Ä—å –≤ 2025-10-06T12:00:00+03:00
üîç API –∑–∞–ø—Ä–æ—Å: GET https://api.huntflow.ru/v2/accounts
üì• –û—Ç–≤–µ—Ç API: 200
üì• –¢–µ–ª–æ –æ—Ç–≤–µ—Ç–∞: {"items":[{"id":291341,"name":"Softnetix","nick":"softnetix","member_type":"owner","production_calendar":1}]}...
DEBUG context_processor: accounts_list = [{'id': 291341, 'name': 'Softnetix', 'nick': 'softnetix', 'member_type': 'owner', 'production_calendar': 1}]
üîç API –∑–∞–ø—Ä–æ—Å: GET https://api.huntflow.ru/v2/accounts
üì• –û—Ç–≤–µ—Ç API: 200
üì• –¢–µ–ª–æ –æ—Ç–≤–µ—Ç–∞: {"items":[{"id":291341,"name":"Softnetix","nick":"softnetix","member_type":"owner","production_calendar":1}]}...
DEBUG context_processor: accounts_list = [{'id': 291341, 'name': 'Softnetix', 'nick': 'softnetix', 'member_type': 'owner', 'production_calendar': 1}]
Performing system checks...

System check identified no issues (0 silenced).
October 03, 2025 - 20:47:57
Django version 4.2.16, using settings 'config.settings'
Starting development server at http://127.0.0.1:8000/
Quit the server with CONTROL-C.

Performing system checks...

System check identified no issues (0 silenced).
October 03, 2025 - 20:48:08
Django version 4.2.16, using settings 'config.settings'
Starting development server at http://127.0.0.1:8000/
Quit the server with CONTROL-C.

[03/Oct/2025 21:08:31] "POST /admin/accounts/user/3/change/ HTTP/1.1" 302 0
[03/Oct/2025 21:08:31] "GET /admin/accounts/user/ HTTP/1.1" 200 29760
[03/Oct/2025 21:08:31] "GET /admin/jsi18n/ HTTP/1.1" 200 16066
404 –æ—à–∏–±–∫–∞: /favicon.ico - Mozilla/5.0 (Macintosh; Intel Mac OS X 10_15_7) AppleWebKit/537.36 (KHTML, like Gecko) Chrome/140.0.0.0 Safari/537.36
WARNING Not Found: /favicon.ico
[03/Oct/2025 21:08:32] "GET /favicon.ico HTTP/1.1" 404 42576
[03/Oct/2025 21:08:45] "GET /interviewers/list/ HTTP/1.1" 200 84200
[03/Oct/2025 21:08:46] "GET /interviewers/rules/ HTTP/1.1" 200 62745
[03/Oct/2025 21:08:52] "GET /admin/accounts/user/3/change/ HTTP/1.1" 200 79778
[03/Oct/2025 21:08:52] "GET /admin/jsi18n/ HTTP/1.1" 200 16066
[03/Oct/2025 21:09:05] "POST /admin/accounts/user/3/change/ HTTP/1.1" 302 0
[03/Oct/2025 21:09:05] "GET /admin/accounts/user/ HTTP/1.1" 200 29760
[03/Oct/2025 21:09:05] "GET /admin/jsi18n/ HTTP/1.1" 200 16066
[03/Oct/2025 21:09:49] "GET /interviewers/rules/ HTTP/1.1" 200 62745
[03/Oct/2025 21:09:51] "GET /accounts/ HTTP/1.1" 200 49554
404 –æ—à–∏–±–∫–∞: /static/css/profile.css - Mozilla/5.0 (Macintosh; Intel Mac OS X 10_15_7) AppleWebKit/537.36 (KHTML, like Gecko) Chrome/140.0.0.0 Safari/537.36
500 –æ—à–∏–±–∫–∞: /static/css/profile.css - Mozilla/5.0 (Macintosh; Intel Mac OS X 10_15_7) AppleWebKit/537.36 (KHTML, like Gecko) Chrome/140.0.0.0 Safari/537.36
Traceback (most recent call last):
  File "/Users/agolubenko/hrhelper/fullstack/backend/venv/lib/python3.13/site-packages/django/contrib/staticfiles/handlers.py", line 54, in get_response
    return self.serve(request)
           ~~~~~~~~~~^^^^^^^^^
  File "/Users/agolubenko/hrhelper/fullstack/backend/venv/lib/python3.13/site-packages/django/contrib/staticfiles/handlers.py", line 50, in serve
    return serve(request, self.file_path(request.path), insecure=True)
  File "/Users/agolubenko/hrhelper/fullstack/backend/venv/lib/python3.13/site-packages/django/contrib/staticfiles/views.py", line 37, in serve
    raise Http404("'%s' could not be found" % path)
django.http.response.Http404: 'css/profile.css' could not be found

During handling of the above exception, another exception occurred:

Traceback (most recent call last):
  File "/Users/agolubenko/hrhelper/fullstack/backend/venv/lib/python3.13/site-packages/django/core/handlers/exception.py", line 164, in get_exception_response
    response = callback(request, exception=exception)
  File "/Users/agolubenko/hrhelper/fullstack/backend/apps/common/views.py", line 35, in custom_404_view
    return HttpResponseNotFound(render(request, '404.html', context))
                                ~~~~~~^^^^^^^^^^^^^^^^^^^^^^^^^^^^^^
  File "/Users/agolubenko/hrhelper/fullstack/backend/venv/lib/python3.13/site-packages/django/shortcuts.py", line 24, in render
    content = loader.render_to_string(template_name, context, request, using=using)
  File "/Users/agolubenko/hrhelper/fullstack/backend/venv/lib/python3.13/site-packages/django/template/loader.py", line 62, in render_to_string
    return template.render(context, request)
           ~~~~~~~~~~~~~~~^^^^^^^^^^^^^^^^^^
  File "/Users/agolubenko/hrhelper/fullstack/backend/venv/lib/python3.13/site-packages/django/template/backends/django.py", line 61, in render
    return self.template.render(context)
           ~~~~~~~~~~~~~~~~~~~~^^^^^^^^^
  File "/Users/agolubenko/hrhelper/fullstack/backend/venv/lib/python3.13/site-packages/django/template/base.py", line 173, in render
    with context.bind_template(self):
         ~~~~~~~~~~~~~~~~~~~~~^^^^^^
  File "/Library/Frameworks/Python.framework/Versions/3.13/lib/python3.13/contextlib.py", line 141, in __enter__
    return next(self.gen)
  File "/Users/agolubenko/hrhelper/fullstack/backend/venv/lib/python3.13/site-packages/django/template/context.py", line 254, in bind_template
    updates.update(processor(self.request))
                   ~~~~~~~~~^^^^^^^^^^^^^^
  File "/Users/agolubenko/hrhelper/fullstack/backend/apps/common/context_processors.py", line 30, in sidebar_menu_context
    if not request.user.is_authenticated:
           ^^^^^^^^^^^^
AttributeError: 'WSGIRequest' object has no attribute 'user'

During handling of the above exception, another exception occurred:

Traceback (most recent call last):
  File "/Library/Frameworks/Python.framework/Versions/3.13/lib/python3.13/wsgiref/handlers.py", line 137, in run
    self.result = application(self.environ, self.start_response)
                  ~~~~~~~~~~~^^^^^^^^^^^^^^^^^^^^^^^^^^^^^^^^^^^
  File "/Users/agolubenko/hrhelper/fullstack/backend/venv/lib/python3.13/site-packages/django/contrib/staticfiles/handlers.py", line 81, in __call__
    return super().__call__(environ, start_response)
           ~~~~~~~~~~~~~~~~^^^^^^^^^^^^^^^^^^^^^^^^^
  File "/Users/agolubenko/hrhelper/fullstack/backend/venv/lib/python3.13/site-packages/django/core/handlers/wsgi.py", line 124, in __call__
    response = self.get_response(request)
  File "/Users/agolubenko/hrhelper/fullstack/backend/venv/lib/python3.13/site-packages/django/contrib/staticfiles/handlers.py", line 56, in get_response
    return response_for_exception(request, e)
  File "/Users/agolubenko/hrhelper/fullstack/backend/venv/lib/python3.13/site-packages/django/core/handlers/exception.py", line 68, in response_for_exception
    response = get_exception_response(
        request, get_resolver(get_urlconf()), 404, exc
    )
  File "/Users/agolubenko/hrhelper/fullstack/backend/venv/lib/python3.13/site-packages/django/core/handlers/exception.py", line 167, in get_exception_response
    response = handle_uncaught_exception(request, resolver, sys.exc_info())
  File "/Users/agolubenko/hrhelper/fullstack/backend/venv/lib/python3.13/site-packages/django/core/handlers/exception.py", line 185, in handle_uncaught_exception
    return callback(request)
  File "/Users/agolubenko/hrhelper/fullstack/backend/apps/common/views.py", line 54, in custom_500_view
    return render(request, '500.html', context, status=500)
  File "/Users/agolubenko/hrhelper/fullstack/backend/venv/lib/python3.13/site-packages/django/shortcuts.py", line 24, in render
    content = loader.render_to_string(template_name, context, request, using=using)
  File "/Users/agolubenko/hrhelper/fullstack/backend/venv/lib/python3.13/site-packages/django/template/loader.py", line 62, in render_to_string
    return template.render(context, request)
           ~~~~~~~~~~~~~~~^^^^^^^^^^^^^^^^^^
  File "/Users/agolubenko/hrhelper/fullstack/backend/venv/lib/python3.13/site-packages/django/template/backends/django.py", line 61, in render
    return self.template.render(context)
           ~~~~~~~~~~~~~~~~~~~~^^^^^^^^^
  File "/Users/agolubenko/hrhelper/fullstack/backend/venv/lib/python3.13/site-packages/django/template/base.py", line 173, in render
    with context.bind_template(self):
         ~~~~~~~~~~~~~~~~~~~~~^^^^^^
  File "/Library/Frameworks/Python.framework/Versions/3.13/lib/python3.13/contextlib.py", line 141, in __enter__
    return next(self.gen)
  File "/Users/agolubenko/hrhelper/fullstack/backend/venv/lib/python3.13/site-packages/django/template/context.py", line 254, in bind_template
    updates.update(processor(self.request))
                   ~~~~~~~~~^^^^^^^^^^^^^^
  File "/Users/agolubenko/hrhelper/fullstack/backend/apps/common/context_processors.py", line 30, in sidebar_menu_context
    if not request.user.is_authenticated:
           ^^^^^^^^^^^^
AttributeError: 'WSGIRequest' object has no attribute 'user'
[03/Oct/2025 21:09:51] "GET /static/css/profile.css HTTP/1.1" 500 59
[03/Oct/2025 21:09:56] "GET /huntflow/ HTTP/1.1" 200 45197
[03/Oct/2025 21:09:58] "GET /interviewers/list/ HTTP/1.1" 200 84200
404 –æ—à–∏–±–∫–∞: /.well-known/appspecific/com.chrome.devtools.json - Mozilla/5.0 (Macintosh; Intel Mac OS X 10_15_7) AppleWebKit/537.36 (KHTML, like Gecko) Chrome/140.0.0.0 Safari/537.36
WARNING Not Found: /.well-known/appspecific/com.chrome.devtools.json
[03/Oct/2025 23:03:32] "GET /.well-known/appspecific/com.chrome.devtools.json HTTP/1.1" 404 42576
